{"E:\\kuliah\\Website\\project fahri\\0. Belajar\\belajar FullStack Javascript\\JWT MySql\\Backend\\index.js": {"path":"E:\\kuliah\\Website\\project fahri\\0. Belajar\\belajar FullStack Javascript\\JWT MySql\\Backend\\index.js","statementMap":{"0":{"start":{"line":8,"column":0},"end":{"line":8,"column":16}},"1":{"start":{"line":9,"column":12},"end":{"line":9,"column":21}},"2":{"start":{"line":11,"column":0},"end":{"line":16,"column":1}},"3":{"start":{"line":12,"column":4},"end":{"line":12,"column":28}},"4":{"start":{"line":13,"column":4},"end":{"line":13,"column":28}},"5":{"start":{"line":15,"column":4},"end":{"line":15,"column":23}},"6":{"start":{"line":18,"column":0},"end":{"line":18,"column":70}},"7":{"start":{"line":19,"column":0},"end":{"line":19,"column":24}},"8":{"start":{"line":20,"column":0},"end":{"line":20,"column":24}},"9":{"start":{"line":21,"column":0},"end":{"line":21,"column":16}},"10":{"start":{"line":23,"column":0},"end":{"line":23,"column":60}},"11":{"start":{"line":23,"column":23},"end":{"line":23,"column":58}}},"fnMap":{"0":{"name":"(anonymous_0)","decl":{"start":{"line":23,"column":17},"end":{"line":23,"column":18}},"loc":{"start":{"line":23,"column":23},"end":{"line":23,"column":58}},"line":23}},"branchMap":{},"s":{"0":1,"1":1,"2":1,"3":1,"4":1,"5":0,"6":1,"7":1,"8":1,"9":1,"10":1,"11":0},"f":{"0":0},"b":{},"_coverageSchema":"1a1c01bbd47fc00a2c39e90264f33305004495a9","hash":"908330a32a5ac83a4a46be62206718dee919dc92"}
,"E:\\kuliah\\Website\\project fahri\\0. Belajar\\belajar FullStack Javascript\\JWT MySql\\Backend\\config\\Database.js": {"path":"E:\\kuliah\\Website\\project fahri\\0. Belajar\\belajar FullStack Javascript\\JWT MySql\\Backend\\config\\Database.js","statementMap":{"0":{"start":{"line":3,"column":11},"end":{"line":6,"column":2}}},"fnMap":{},"branchMap":{},"s":{"0":1},"f":{},"b":{},"_coverageSchema":"1a1c01bbd47fc00a2c39e90264f33305004495a9","hash":"0bb398fd97db2f61ac8bbccd85af4e920e9c4e41"}
,"E:\\kuliah\\Website\\project fahri\\0. Belajar\\belajar FullStack Javascript\\JWT MySql\\Backend\\controllers\\RefreshToken.js": {"path":"E:\\kuliah\\Website\\project fahri\\0. Belajar\\belajar FullStack Javascript\\JWT MySql\\Backend\\controllers\\RefreshToken.js","statementMap":{"0":{"start":{"line":4,"column":28},"end":{"line":27,"column":1}},"1":{"start":{"line":5,"column":4},"end":{"line":26,"column":5}},"2":{"start":{"line":6,"column":29},"end":{"line":6,"column":53}},"3":{"start":{"line":7,"column":8},"end":{"line":7,"column":54}},"4":{"start":{"line":7,"column":27},"end":{"line":7,"column":54}},"5":{"start":{"line":8,"column":21},"end":{"line":12,"column":10}},"6":{"start":{"line":13,"column":8},"end":{"line":13,"column":49}},"7":{"start":{"line":13,"column":22},"end":{"line":13,"column":49}},"8":{"start":{"line":14,"column":8},"end":{"line":23,"column":11}},"9":{"start":{"line":15,"column":12},"end":{"line":15,"column":48}},"10":{"start":{"line":15,"column":21},"end":{"line":15,"column":48}},"11":{"start":{"line":16,"column":27},"end":{"line":16,"column":37}},"12":{"start":{"line":17,"column":25},"end":{"line":17,"column":37}},"13":{"start":{"line":18,"column":26},"end":{"line":18,"column":39}},"14":{"start":{"line":19,"column":32},"end":{"line":21,"column":14}},"15":{"start":{"line":22,"column":12},"end":{"line":22,"column":38}},"16":{"start":{"line":25,"column":8},"end":{"line":25,"column":27}}},"fnMap":{"0":{"name":"(anonymous_0)","decl":{"start":{"line":4,"column":28},"end":{"line":4,"column":29}},"loc":{"start":{"line":4,"column":48},"end":{"line":27,"column":1}},"line":4},"1":{"name":"(anonymous_1)","decl":{"start":{"line":14,"column":67},"end":{"line":14,"column":68}},"loc":{"start":{"line":14,"column":84},"end":{"line":23,"column":9}},"line":14}},"branchMap":{"0":{"loc":{"start":{"line":7,"column":8},"end":{"line":7,"column":54}},"type":"if","locations":[{"start":{"line":7,"column":8},"end":{"line":7,"column":54}},{"start":{},"end":{}}],"line":7},"1":{"loc":{"start":{"line":13,"column":8},"end":{"line":13,"column":49}},"type":"if","locations":[{"start":{"line":13,"column":8},"end":{"line":13,"column":49}},{"start":{},"end":{}}],"line":13},"2":{"loc":{"start":{"line":15,"column":12},"end":{"line":15,"column":48}},"type":"if","locations":[{"start":{"line":15,"column":12},"end":{"line":15,"column":48}},{"start":{},"end":{}}],"line":15}},"s":{"0":1,"1":0,"2":0,"3":0,"4":0,"5":0,"6":0,"7":0,"8":0,"9":0,"10":0,"11":0,"12":0,"13":0,"14":0,"15":0,"16":0},"f":{"0":0,"1":0},"b":{"0":[0,0],"1":[0,0],"2":[0,0]},"_coverageSchema":"1a1c01bbd47fc00a2c39e90264f33305004495a9","hash":"b01d2ffe3a997013c67f7061aa831e13d91cfdd1"}
,"E:\\kuliah\\Website\\project fahri\\0. Belajar\\belajar FullStack Javascript\\JWT MySql\\Backend\\controllers\\Users.js": {"path":"E:\\kuliah\\Website\\project fahri\\0. Belajar\\belajar FullStack Javascript\\JWT MySql\\Backend\\controllers\\Users.js","statementMap":{"0":{"start":{"line":5,"column":24},"end":{"line":14,"column":1}},"1":{"start":{"line":6,"column":4},"end":{"line":13,"column":5}},"2":{"start":{"line":7,"column":22},"end":{"line":9,"column":10}},"3":{"start":{"line":10,"column":8},"end":{"line":10,"column":24}},"4":{"start":{"line":12,"column":8},"end":{"line":12,"column":27}},"5":{"start":{"line":16,"column":24},"end":{"line":31,"column":1}},"6":{"start":{"line":17,"column":55},"end":{"line":17,"column":63}},"7":{"start":{"line":18,"column":4},"end":{"line":18,"column":97}},"8":{"start":{"line":18,"column":38},"end":{"line":18,"column":97}},"9":{"start":{"line":19,"column":17},"end":{"line":19,"column":39}},"10":{"start":{"line":20,"column":25},"end":{"line":20,"column":58}},"11":{"start":{"line":21,"column":4},"end":{"line":30,"column":5}},"12":{"start":{"line":22,"column":8},"end":{"line":26,"column":11}},"13":{"start":{"line":27,"column":8},"end":{"line":27,"column":58}},"14":{"start":{"line":29,"column":8},"end":{"line":29,"column":27}},"15":{"start":{"line":33,"column":21},"end":{"line":67,"column":1}},"16":{"start":{"line":34,"column":4},"end":{"line":66,"column":5}},"17":{"start":{"line":35,"column":21},"end":{"line":39,"column":10}},"18":{"start":{"line":40,"column":22},"end":{"line":40,"column":79}},"19":{"start":{"line":41,"column":8},"end":{"line":41,"column":75}},"20":{"start":{"line":41,"column":20},"end":{"line":41,"column":75}},"21":{"start":{"line":42,"column":23},"end":{"line":42,"column":33}},"22":{"start":{"line":43,"column":21},"end":{"line":43,"column":33}},"23":{"start":{"line":44,"column":22},"end":{"line":44,"column":35}},"24":{"start":{"line":45,"column":28},"end":{"line":47,"column":10}},"25":{"start":{"line":48,"column":29},"end":{"line":50,"column":10}},"26":{"start":{"line":51,"column":8},"end":{"line":58,"column":10}},"27":{"start":{"line":59,"column":8},"end":{"line":62,"column":11}},"28":{"start":{"line":63,"column":8},"end":{"line":63,"column":34}},"29":{"start":{"line":65,"column":8},"end":{"line":65,"column":63}},"30":{"start":{"line":69,"column":22},"end":{"line":89,"column":1}},"31":{"start":{"line":70,"column":25},"end":{"line":70,"column":49}},"32":{"start":{"line":71,"column":4},"end":{"line":71,"column":50}},"33":{"start":{"line":71,"column":23},"end":{"line":71,"column":50}},"34":{"start":{"line":72,"column":17},"end":{"line":76,"column":6}},"35":{"start":{"line":77,"column":4},"end":{"line":77,"column":45}},"36":{"start":{"line":77,"column":18},"end":{"line":77,"column":45}},"37":{"start":{"line":78,"column":19},"end":{"line":78,"column":29}},"38":{"start":{"line":79,"column":4},"end":{"line":86,"column":6}},"39":{"start":{"line":87,"column":4},"end":{"line":87,"column":36}},"40":{"start":{"line":88,"column":4},"end":{"line":88,"column":31}}},"fnMap":{"0":{"name":"(anonymous_0)","decl":{"start":{"line":5,"column":24},"end":{"line":5,"column":25}},"loc":{"start":{"line":5,"column":44},"end":{"line":14,"column":1}},"line":5},"1":{"name":"(anonymous_1)","decl":{"start":{"line":16,"column":24},"end":{"line":16,"column":25}},"loc":{"start":{"line":16,"column":44},"end":{"line":31,"column":1}},"line":16},"2":{"name":"(anonymous_2)","decl":{"start":{"line":33,"column":21},"end":{"line":33,"column":22}},"loc":{"start":{"line":33,"column":41},"end":{"line":67,"column":1}},"line":33},"3":{"name":"(anonymous_3)","decl":{"start":{"line":69,"column":22},"end":{"line":69,"column":23}},"loc":{"start":{"line":69,"column":42},"end":{"line":89,"column":1}},"line":69}},"branchMap":{"0":{"loc":{"start":{"line":18,"column":4},"end":{"line":18,"column":97}},"type":"if","locations":[{"start":{"line":18,"column":4},"end":{"line":18,"column":97}},{"start":{},"end":{}}],"line":18},"1":{"loc":{"start":{"line":41,"column":8},"end":{"line":41,"column":75}},"type":"if","locations":[{"start":{"line":41,"column":8},"end":{"line":41,"column":75}},{"start":{},"end":{}}],"line":41},"2":{"loc":{"start":{"line":71,"column":4},"end":{"line":71,"column":50}},"type":"if","locations":[{"start":{"line":71,"column":4},"end":{"line":71,"column":50}},{"start":{},"end":{}}],"line":71},"3":{"loc":{"start":{"line":77,"column":4},"end":{"line":77,"column":45}},"type":"if","locations":[{"start":{"line":77,"column":4},"end":{"line":77,"column":45}},{"start":{},"end":{}}],"line":77}},"s":{"0":1,"1":0,"2":0,"3":0,"4":0,"5":1,"6":0,"7":0,"8":0,"9":0,"10":0,"11":0,"12":0,"13":0,"14":0,"15":1,"16":0,"17":0,"18":0,"19":0,"20":0,"21":0,"22":0,"23":0,"24":0,"25":0,"26":0,"27":0,"28":0,"29":0,"30":1,"31":0,"32":0,"33":0,"34":0,"35":0,"36":0,"37":0,"38":0,"39":0,"40":0},"f":{"0":0,"1":0,"2":0,"3":0},"b":{"0":[0,0],"1":[0,0],"2":[0,0],"3":[0,0]},"_coverageSchema":"1a1c01bbd47fc00a2c39e90264f33305004495a9","hash":"3f637b23a9febf34391c3ae88899f8c881da84bb"}
,"E:\\kuliah\\Website\\project fahri\\0. Belajar\\belajar FullStack Javascript\\JWT MySql\\Backend\\middleware\\VerifyToken.js": {"path":"E:\\kuliah\\Website\\project fahri\\0. Belajar\\belajar FullStack Javascript\\JWT MySql\\Backend\\middleware\\VerifyToken.js","statementMap":{"0":{"start":{"line":3,"column":27},"end":{"line":12,"column":1}},"1":{"start":{"line":4,"column":23},"end":{"line":4,"column":51}},"2":{"start":{"line":5,"column":18},"end":{"line":5,"column":56}},"3":{"start":{"line":6,"column":4},"end":{"line":6,"column":50}},"4":{"start":{"line":6,"column":23},"end":{"line":6,"column":50}},"5":{"start":{"line":7,"column":4},"end":{"line":11,"column":7}},"6":{"start":{"line":8,"column":8},"end":{"line":8,"column":44}},"7":{"start":{"line":8,"column":17},"end":{"line":8,"column":44}},"8":{"start":{"line":9,"column":8},"end":{"line":9,"column":34}},"9":{"start":{"line":10,"column":8},"end":{"line":10,"column":15}}},"fnMap":{"0":{"name":"(anonymous_0)","decl":{"start":{"line":3,"column":27},"end":{"line":3,"column":28}},"loc":{"start":{"line":3,"column":47},"end":{"line":12,"column":1}},"line":3},"1":{"name":"(anonymous_1)","decl":{"start":{"line":7,"column":55},"end":{"line":7,"column":56}},"loc":{"start":{"line":7,"column":73},"end":{"line":11,"column":5}},"line":7}},"branchMap":{"0":{"loc":{"start":{"line":5,"column":18},"end":{"line":5,"column":56}},"type":"binary-expr","locations":[{"start":{"line":5,"column":18},"end":{"line":5,"column":28}},{"start":{"line":5,"column":32},"end":{"line":5,"column":56}}],"line":5},"1":{"loc":{"start":{"line":6,"column":4},"end":{"line":6,"column":50}},"type":"if","locations":[{"start":{"line":6,"column":4},"end":{"line":6,"column":50}},{"start":{},"end":{}}],"line":6},"2":{"loc":{"start":{"line":8,"column":8},"end":{"line":8,"column":44}},"type":"if","locations":[{"start":{"line":8,"column":8},"end":{"line":8,"column":44}},{"start":{},"end":{}}],"line":8}},"s":{"0":1,"1":0,"2":0,"3":0,"4":0,"5":0,"6":0,"7":0,"8":0,"9":0},"f":{"0":0,"1":0},"b":{"0":[0,0],"1":[0,0],"2":[0,0]},"_coverageSchema":"1a1c01bbd47fc00a2c39e90264f33305004495a9","hash":"978e83a0a89edcff36cf73f262e9fdaf66d14442"}
,"E:\\kuliah\\Website\\project fahri\\0. Belajar\\belajar FullStack Javascript\\JWT MySql\\Backend\\models\\UserModel.js": {"path":"E:\\kuliah\\Website\\project fahri\\0. Belajar\\belajar FullStack Javascript\\JWT MySql\\Backend\\models\\UserModel.js","statementMap":{"0":{"start":{"line":4,"column":22},"end":{"line":4,"column":31}},"1":{"start":{"line":6,"column":14},"end":{"line":27,"column":1}}},"fnMap":{},"branchMap":{},"s":{"0":1,"1":1},"f":{},"b":{},"_coverageSchema":"1a1c01bbd47fc00a2c39e90264f33305004495a9","hash":"e0c56463d9371e6f5b7161936dae0c17c8d2f6e4"}
,"E:\\kuliah\\Website\\project fahri\\0. Belajar\\belajar FullStack Javascript\\JWT MySql\\Backend\\routes\\index.js": {"path":"E:\\kuliah\\Website\\project fahri\\0. Belajar\\belajar FullStack Javascript\\JWT MySql\\Backend\\routes\\index.js","statementMap":{"0":{"start":{"line":6,"column":15},"end":{"line":6,"column":31}},"1":{"start":{"line":8,"column":0},"end":{"line":8,"column":44}},"2":{"start":{"line":9,"column":0},"end":{"line":9,"column":32}},"3":{"start":{"line":10,"column":0},"end":{"line":10,"column":29}},"4":{"start":{"line":11,"column":0},"end":{"line":11,"column":35}},"5":{"start":{"line":12,"column":0},"end":{"line":12,"column":33}}},"fnMap":{},"branchMap":{},"s":{"0":1,"1":1,"2":1,"3":1,"4":1,"5":1},"f":{},"b":{},"_coverageSchema":"1a1c01bbd47fc00a2c39e90264f33305004495a9","hash":"7155c5cb98ead67062d486c79f039b5a50faf945"}
}
